<?xml version="1.0" encoding="UTF-8"?>
<!-- Generated by org.testng.reporters.JUnitXMLReporter -->
<testsuite ignored="3" hostname="sebin" failures="0" tests="4" name="Login-As University user" time="4.762" errors="0" timestamp="2024-09-04T15:47:47 IST">
  <testcase classname="com.ospyn.ktu.test.Login" name="ktu_Page_Loaded" time="1.012"/>
  <testcase classname="com.ospyn.ktu.test.Login" name="loginUser" time="2.272"/>
  <testcase classname="com.ospyn.ktu.test.Login" name="click_Login_Button" time="1.249"/>
  <testcase classname="com.ospyn.ktu.test.Login" name="validate_Login_Success" time="0.17"/>
  <testcase classname="com.ospyn.ktu.test.Login" name="click_logOut" time="0.0">
    <ignored/>
  </testcase> <!-- click_logOut -->
  <testcase classname="com.ospyn.ktu.test.Login" name="next_College" time="0.0">
    <ignored/>
  </testcase> <!-- next_College -->
  <testcase classname="com.ospyn.ktu.test.Login" name="login_With_Excel" time="0.0">
    <ignored/>
  </testcase> <!-- login_With_Excel -->
</testsuite> <!-- Login-As University user -->
