<?xml version="1.0" encoding="UTF-8"?>
<!-- Generated by org.testng.reporters.JUnitXMLReporter -->
<testsuite ignored="3" hostname="sebin" failures="0" tests="3" name="Mark Correction-Performing the login as student before Performing mark correction" time="17.832" errors="0" timestamp="2024-11-06T15:54:55 IST">
  <testcase classname="com.ospyn.ktu.test.ResultCorrection" name="Login_as_Student" time="7.442"/>
  <testcase classname="com.ospyn.ktu.test.ResultCorrection" name="Perform_Student_Actions1" time="3.172"/>
  <testcase classname="com.ospyn.ktu.test.ResultCorrection" name="Log_Out" time="7.206"/>
  <testcase classname="com.ospyn.ktu.test.ResultCorrection" name="Perform_Action" time="0.0">
    <ignored/>
  </testcase> <!-- Perform_Action -->
  <testcase classname="com.ospyn.ktu.test.ResultCorrection" name="Login_as_AdExam" time="0.0">
    <ignored/>
  </testcase> <!-- Login_as_AdExam -->
  <testcase classname="com.ospyn.ktu.test.ResultCorrection" name="Perform_Student_Actions2" time="0.0">
    <ignored/>
  </testcase> <!-- Perform_Student_Actions2 -->
</testsuite> <!-- Mark Correction-Performing the login as student before Performing mark correction -->
