<?xml version="1.0" encoding="UTF-8"?>
<!-- Generated by org.testng.reporters.JUnitXMLReporter -->
<testsuite ignored="6" hostname="sebin" failures="0" tests="1" name="Mark Correction-Loading KTU Home Page" time="1.063" errors="0" timestamp="2025-01-31T10:31:32 IST">
  <testcase classname="com.ospyn.ktu.test.Login" name="ktu_Page_Loaded" time="1.015"/>
  <testcase classname="com.ospyn.ktu.test.Login" name="loginUser" time="0.0">
    <ignored/>
  </testcase> <!-- loginUser -->
  <testcase classname="com.ospyn.ktu.test.Login" name="validate_Login_Success" time="0.0">
    <ignored/>
  </testcase> <!-- validate_Login_Success -->
  <testcase classname="com.ospyn.ktu.test.Login" name="click_logOut" time="0.0">
    <ignored/>
  </testcase> <!-- click_logOut -->
  <testcase classname="com.ospyn.ktu.test.Login" name="click_Login_Button" time="0.0">
    <ignored/>
  </testcase> <!-- click_Login_Button -->
  <testcase classname="com.ospyn.ktu.test.Login" name="login_With_Excel" time="0.0">
    <ignored/>
  </testcase> <!-- login_With_Excel -->
  <testcase classname="com.ospyn.ktu.test.Login" name="next_College" time="0.0">
    <ignored/>
  </testcase> <!-- next_College -->
</testsuite> <!-- Mark Correction-Loading KTU Home Page -->
