<?xml version="1.0" encoding="UTF-8"?>
<!-- Generated by org.testng.reporters.JUnitXMLReporter -->
<testsuite ignored="3" hostname="sebin" failures="0" tests="1" name="Mark Correction-Performing the login as adexam" time="170.594" errors="0" timestamp="2024-11-14T11:21:07 IST">
  <testcase classname="com.ospyn.ktu.test.LpGrade" name="LPHappyFlow" time="170.587"/>
  <testcase classname="com.ospyn.ktu.test.LpGrade" name="applyingLP" time="0.0">
    <ignored/>
  </testcase> <!-- applyingLP -->
  <testcase classname="com.ospyn.ktu.test.LpGrade" name="Login_as_student" time="0.0">
    <ignored/>
  </testcase> <!-- Login_as_student -->
  <testcase classname="com.ospyn.ktu.test.LpGrade" name="Login_as_AdExam" time="0.0">
    <ignored/>
  </testcase> <!-- Login_as_AdExam -->
</testsuite> <!-- Mark Correction-Performing the login as adexam -->
