<?xml version="1.0" encoding="UTF-8"?>
<!-- Generated by org.testng.reporters.JUnitXMLReporter -->
<testsuite ignored="4" hostname="sebin" failures="0" tests="2" name="Mark Correction-Failing a passed student" time="14.916" errors="0" timestamp="2025-02-05T09:06:06 IST">
  <testcase classname="com.ospyn.ktu.test.FeeWaiver" name="loginAsKtusupport" time="10.089"/>
  <testcase classname="com.ospyn.ktu.test.FeeWaiver" name="logout" time="4.807"/>
  <testcase classname="com.ospyn.ktu.test.FeeWaiver" name="loginAsInstitue" time="0.0">
    <ignored/>
  </testcase> <!-- loginAsInstitue -->
  <testcase classname="com.ospyn.ktu.test.FeeWaiver" name="addAdditionalFeeCollection" time="0.0">
    <ignored/>
  </testcase> <!-- addAdditionalFeeCollection -->
  <testcase classname="com.ospyn.ktu.test.FeeWaiver" name="verifyAmtAndDescription" time="0.0">
    <ignored/>
  </testcase> <!-- verifyAmtAndDescription -->
  <testcase classname="com.ospyn.ktu.test.FeeWaiver" name="AddFeeWaiver" time="0.0">
    <ignored/>
  </testcase> <!-- AddFeeWaiver -->
</testsuite> <!-- Mark Correction-Failing a passed student -->
