<?xml version="1.0" encoding="UTF-8"?>
<!-- Generated by org.testng.reporters.JUnitXMLReporter -->
<testsuite ignored="5" hostname="sebin" failures="0" tests="2" name="Log Out-   " time="0.011" errors="0" timestamp="2024-08-12T10:17:23 IST">
  <testcase classname="com.ospyn.ktu.test.Login" name="next_College" time="0.0"/>
  <testcase classname="com.ospyn.ktu.test.Login" name="click_logOut" time="0.007"/>
  <testcase classname="com.ospyn.ktu.test.Login" name="validate_Login_Success" time="0.0">
    <ignored/>
  </testcase> <!-- validate_Login_Success -->
  <testcase classname="com.ospyn.ktu.test.Login" name="login_With_Excel" time="0.0">
    <ignored/>
  </testcase> <!-- login_With_Excel -->
  <testcase classname="com.ospyn.ktu.test.Login" name="click_Login_Button" time="0.0">
    <ignored/>
  </testcase> <!-- click_Login_Button -->
  <testcase classname="com.ospyn.ktu.test.Login" name="ktu_Page_Loaded" time="0.0">
    <ignored/>
  </testcase> <!-- ktu_Page_Loaded -->
  <testcase classname="com.ospyn.ktu.test.Login" name="loginUser" time="0.0">
    <ignored/>
  </testcase> <!-- loginUser -->
</testsuite> <!-- Log Out-    -->
